<?xml version="1.0" encoding="UTF-8"?>
<testng-results ignored="0" total="1" passed="1" failed="0" skipped="0">
  <reporter-output>
  </reporter-output>
  <suite started-at="2023-11-17T20:16:00 EST" name="Default suite" finished-at="2023-11-17T20:16:04 EST" duration-ms="4119">
    <groups>
    </groups>
    <test started-at="2023-11-17T20:16:00 EST" name="Default test" finished-at="2023-11-17T20:16:04 EST" duration-ms="4119">
      <class name="com.discover.loginTests.LoginTest">
        <test-method is-config="true" signature="opendiscoverApp()[pri:0, instance:com.discover.loginTests.LoginTest@7cc0cdad]" started-at="2023-11-17T20:16:00 EST" name="opendiscoverApp" finished-at="2023-11-17T20:16:03 EST" duration-ms="3271" status="PASS">
          <reporter-output>
          </reporter-output>
        </test-method> <!-- opendiscoverApp -->
        <test-method signature="LoginTest()[pri:0, instance:com.discover.loginTests.LoginTest@7cc0cdad]" started-at="2023-11-17T20:16:03 EST" name="LoginTest" finished-at="2023-11-17T20:16:04 EST" duration-ms="828" status="PASS">
          <reporter-output>
          </reporter-output>
        </test-method> <!-- LoginTest -->
      </class> <!-- com.discover.loginTests.LoginTest -->
    </test> <!-- Default test -->
  </suite> <!-- Default suite -->
</testng-results>
